<?xml version="1.0" encoding="UTF-8"?>
<testsuite xmlns:xsi="http://www.w3.org/2001/XMLSchema-instance" xsi:noNamespaceSchemaLocation="https://maven.apache.org/surefire/maven-surefire-plugin/xsd/surefire-test-report.xsd" name="org.springframework.webflow.samples.booking.BookingFlowExecutionTests" time="2.213" tests="3" errors="0" skipped="0" failures="0">
  <properties>
    <property name="gopherProxySet" value="false"/>
    <property name="awt.toolkit" value="sun.lwawt.macosx.LWCToolkit"/>
    <property name="file.encoding.pkg" value="sun.io"/>
    <property name="java.specification.version" value="1.8"/>
    <property name="sun.cpu.isalist" value=""/>
    <property name="sun.jnu.encoding" value="UTF-8"/>
    <property name="java.class.path" value="/mine/Learn/java/workspaces/eclipse_workspace/spring-webflow-samples-master/booking-mvc/target/test-classes:/mine/Learn/java/workspaces/eclipse_workspace/spring-webflow-samples-master/booking-mvc/target/classes:/Users/amrmagdy/.m2/repository/org/springframework/spring-webmvc/5.0.3.RELEASE/spring-webmvc-5.0.3.RELEASE.jar:/Users/amrmagdy/.m2/repository/org/springframework/spring-aop/5.0.3.RELEASE/spring-aop-5.0.3.RELEASE.jar:/Users/amrmagdy/.m2/repository/org/springframework/spring-beans/5.0.3.RELEASE/spring-beans-5.0.3.RELEASE.jar:/Users/amrmagdy/.m2/repository/org/springframework/spring-context/5.0.3.RELEASE/spring-context-5.0.3.RELEASE.jar:/Users/amrmagdy/.m2/repository/org/springframework/spring-core/5.0.3.RELEASE/spring-core-5.0.3.RELEASE.jar:/Users/amrmagdy/.m2/repository/org/springframework/spring-jcl/5.0.3.RELEASE/spring-jcl-5.0.3.RELEASE.jar:/Users/amrmagdy/.m2/repository/org/springframework/spring-expression/5.0.3.RELEASE/spring-expression-5.0.3.RELEASE.jar:/Users/amrmagdy/.m2/repository/org/springframework/spring-web/5.0.3.RELEASE/spring-web-5.0.3.RELEASE.jar:/Users/amrmagdy/.m2/repository/org/springframework/spring-jdbc/5.0.3.RELEASE/spring-jdbc-5.0.3.RELEASE.jar:/Users/amrmagdy/.m2/repository/org/springframework/spring-tx/5.0.3.RELEASE/spring-tx-5.0.3.RELEASE.jar:/Users/amrmagdy/.m2/repository/org/springframework/spring-orm/5.0.3.RELEASE/spring-orm-5.0.3.RELEASE.jar:/Users/amrmagdy/.m2/repository/org/springframework/webflow/spring-webflow/2.5.0.RELEASE/spring-webflow-2.5.0.RELEASE.jar:/Users/amrmagdy/.m2/repository/org/springframework/webflow/spring-binding/2.5.0.RELEASE/spring-binding-2.5.0.RELEASE.jar:/Users/amrmagdy/.m2/repository/org/springframework/webflow/spring-js-resources/2.5.0.RELEASE/spring-js-resources-2.5.0.RELEASE.jar:/Users/amrmagdy/.m2/repository/org/springframework/security/spring-security-web/5.0.1.RELEASE/spring-security-web-5.0.1.RELEASE.jar:/Users/amrmagdy/.m2/repository/org/springframework/security/spring-security-core/5.0.1.RELEASE/spring-security-core-5.0.1.RELEASE.jar:/Users/amrmagdy/.m2/repository/org/springframework/security/spring-security-taglibs/5.0.1.RELEASE/spring-security-taglibs-5.0.1.RELEASE.jar:/Users/amrmagdy/.m2/repository/org/springframework/security/spring-security-acl/5.0.1.RELEASE/spring-security-acl-5.0.1.RELEASE.jar:/Users/amrmagdy/.m2/repository/org/springframework/security/spring-security-config/5.0.1.RELEASE/spring-security-config-5.0.1.RELEASE.jar:/Users/amrmagdy/.m2/repository/javax/servlet/javax.servlet-api/3.1.0/javax.servlet-api-3.1.0.jar:/Users/amrmagdy/.m2/repository/javax/servlet/jsp/jsp-api/2.1/jsp-api-2.1.jar:/Users/amrmagdy/.m2/repository/javax/servlet/jstl/1.2/jstl-1.2.jar:/Users/amrmagdy/.m2/repository/org/thymeleaf/thymeleaf/2.1.5.RELEASE/thymeleaf-2.1.5.RELEASE.jar:/Users/amrmagdy/.m2/repository/ognl/ognl/3.0.8/ognl-3.0.8.jar:/Users/amrmagdy/.m2/repository/org/javassist/javassist/3.16.1-GA/javassist-3.16.1-GA.jar:/Users/amrmagdy/.m2/repository/org/unbescape/unbescape/1.1.0.RELEASE/unbescape-1.1.0.RELEASE.jar:/Users/amrmagdy/.m2/repository/org/slf4j/slf4j-api/1.7.25/slf4j-api-1.7.25.jar:/Users/amrmagdy/.m2/repository/org/thymeleaf/thymeleaf-spring4/2.1.5.RELEASE/thymeleaf-spring4-2.1.5.RELEASE.jar:/Users/amrmagdy/.m2/repository/org/thymeleaf/extras/thymeleaf-extras-tiles2-spring4/2.1.1.RELEASE/thymeleaf-extras-tiles2-spring4-2.1.1.RELEASE.jar:/Users/amrmagdy/.m2/repository/org/thymeleaf/extras/thymeleaf-extras-tiles2/2.1.1.RELEASE/thymeleaf-extras-tiles2-2.1.1.RELEASE.jar:/Users/amrmagdy/.m2/repository/org/thymeleaf/extras/thymeleaf-extras-springsecurity4/2.1.2.RELEASE/thymeleaf-extras-springsecurity4-2.1.2.RELEASE.jar:/Users/amrmagdy/.m2/repository/org/thymeleaf/extras/thymeleaf-extras-conditionalcomments/2.1.2.RELEASE/thymeleaf-extras-conditionalcomments-2.1.2.RELEASE.jar:/Users/amrmagdy/.m2/repository/org/attoparser/attoparser/2.0.0.RELEASE/attoparser-2.0.0.RELEASE.jar:/Users/amrmagdy/.m2/repository/org/apache/tiles/tiles-core/3.0.8/tiles-core-3.0.8.jar:/Users/amrmagdy/.m2/repository/commons-digester/commons-digester/2.0/commons-digester-2.0.jar:/Users/amrmagdy/.m2/repository/commons-beanutils/commons-beanutils/1.8.0/commons-beanutils-1.8.0.jar:/Users/amrmagdy/.m2/repository/org/slf4j/jcl-over-slf4j/1.7.6/jcl-over-slf4j-1.7.6.jar:/Users/amrmagdy/.m2/repository/org/apache/tiles/tiles-api/3.0.8/tiles-api-3.0.8.jar:/Users/amrmagdy/.m2/repository/org/apache/tiles/tiles-request-api/1.0.7/tiles-request-api-1.0.7.jar:/Users/amrmagdy/.m2/repository/org/apache/tiles/tiles-template/3.0.8/tiles-template-3.0.8.jar:/Users/amrmagdy/.m2/repository/org/apache/tiles/tiles-autotag-core-runtime/1.2/tiles-autotag-core-runtime-1.2.jar:/Users/amrmagdy/.m2/repository/org/apache/tiles/tiles-servlet/3.0.8/tiles-servlet-3.0.8.jar:/Users/amrmagdy/.m2/repository/org/apache/tiles/tiles-request-servlet/1.0.7/tiles-request-servlet-1.0.7.jar:/Users/amrmagdy/.m2/repository/org/apache/tiles/tiles-jsp/3.0.8/tiles-jsp-3.0.8.jar:/Users/amrmagdy/.m2/repository/org/apache/tiles/tiles-request-jsp/1.0.7/tiles-request-jsp-1.0.7.jar:/Users/amrmagdy/.m2/repository/org/hsqldb/hsqldb/2.4.0/hsqldb-2.4.0.jar:/Users/amrmagdy/.m2/repository/org/hibernate/hibernate-entitymanager/5.2.12.Final/hibernate-entitymanager-5.2.12.Final.jar:/Users/amrmagdy/.m2/repository/org/jboss/logging/jboss-logging/3.3.0.Final/jboss-logging-3.3.0.Final.jar:/Users/amrmagdy/.m2/repository/org/hibernate/hibernate-core/5.2.12.Final/hibernate-core-5.2.12.Final.jar:/Users/amrmagdy/.m2/repository/antlr/antlr/2.7.7/antlr-2.7.7.jar:/Users/amrmagdy/.m2/repository/org/jboss/jandex/2.0.3.Final/jandex-2.0.3.Final.jar:/Users/amrmagdy/.m2/repository/dom4j/dom4j/1.6.1/dom4j-1.6.1.jar:/Users/amrmagdy/.m2/repository/org/hibernate/common/hibernate-commons-annotations/5.0.1.Final/hibernate-commons-annotations-5.0.1.Final.jar:/Users/amrmagdy/.m2/repository/org/hibernate/javax/persistence/hibernate-jpa-2.1-api/1.0.0.Final/hibernate-jpa-2.1-api-1.0.0.Final.jar:/Users/amrmagdy/.m2/repository/net/bytebuddy/byte-buddy/1.6.14/byte-buddy-1.6.14.jar:/Users/amrmagdy/.m2/repository/org/jboss/spec/javax/transaction/jboss-transaction-api_1.2_spec/1.0.1.Final/jboss-transaction-api_1.2_spec-1.0.1.Final.jar:/Users/amrmagdy/.m2/repository/org/hibernate/validator/hibernate-validator/6.0.7.Final/hibernate-validator-6.0.7.Final.jar:/Users/amrmagdy/.m2/repository/javax/validation/validation-api/2.0.1.Final/validation-api-2.0.1.Final.jar:/Users/amrmagdy/.m2/repository/com/fasterxml/classmate/1.3.1/classmate-1.3.1.jar:/Users/amrmagdy/.m2/repository/javax/xml/bind/jaxb-api/2.2.3/jaxb-api-2.2.3.jar:/Users/amrmagdy/.m2/repository/javax/xml/stream/stax-api/1.0-2/stax-api-1.0-2.jar:/Users/amrmagdy/.m2/repository/javax/activation/activation/1.1/activation-1.1.jar:/Users/amrmagdy/.m2/repository/joda-time/joda-time/2.2/joda-time-2.2.jar:/Users/amrmagdy/.m2/repository/joda-time/joda-time-jsptags/1.1.1/joda-time-jsptags-1.1.1.jar:/Users/amrmagdy/.m2/repository/org/apache/logging/log4j/log4j-api/2.10.0/log4j-api-2.10.0.jar:/Users/amrmagdy/.m2/repository/org/apache/logging/log4j/log4j-core/2.10.0/log4j-core-2.10.0.jar:/Users/amrmagdy/.m2/repository/org/apache/logging/log4j/log4j-slf4j-impl/2.10.0/log4j-slf4j-impl-2.10.0.jar:/Users/amrmagdy/.m2/repository/org/apache/logging/log4j/log4j-jul/2.10.0/log4j-jul-2.10.0.jar:/Users/amrmagdy/.m2/repository/org/easymock/easymock/3.4/easymock-3.4.jar:/Users/amrmagdy/.m2/repository/org/objenesis/objenesis/2.2/objenesis-2.2.jar:/Users/amrmagdy/.m2/repository/junit/junit/4.12/junit-4.12.jar:/Users/amrmagdy/.m2/repository/org/hamcrest/hamcrest-core/1.3/hamcrest-core-1.3.jar:/Users/amrmagdy/.m2/repository/org/springframework/spring-test/5.0.3.RELEASE/spring-test-5.0.3.RELEASE.jar:"/>
    <property name="java.vm.vendor" value="Oracle Corporation"/>
    <property name="sun.arch.data.model" value="64"/>
    <property name="java.vendor.url" value="http://java.oracle.com/"/>
    <property name="user.timezone" value=""/>
    <property name="java.vm.specification.version" value="1.8"/>
    <property name="os.name" value="Mac OS X"/>
    <property name="user.country" value="US"/>
    <property name="sun.java.launcher" value="SUN_STANDARD"/>
    <property name="sun.boot.library.path" value="/Library/Java/JavaVirtualMachines/jdk1.8.0_112.jdk/Contents/Home/jre/lib"/>
    <property name="sun.java.command" value="/mine/Learn/java/workspaces/eclipse_workspace/spring-webflow-samples-master/booking-mvc/target/surefire/surefirebooter7377487344818472463.jar /mine/Learn/java/workspaces/eclipse_workspace/spring-webflow-samples-master/booking-mvc/target/surefire 2018-09-07T23-01-53_621-jvmRun1 surefire7613367632812346574tmp surefire_06707361057971174368tmp"/>
    <property name="http.nonProxyHosts" value="local|*.local|169.254/16|*.169.254/16"/>
    <property name="surefire.test.class.path" value="/mine/Learn/java/workspaces/eclipse_workspace/spring-webflow-samples-master/booking-mvc/target/test-classes:/mine/Learn/java/workspaces/eclipse_workspace/spring-webflow-samples-master/booking-mvc/target/classes:/Users/amrmagdy/.m2/repository/org/springframework/spring-webmvc/5.0.3.RELEASE/spring-webmvc-5.0.3.RELEASE.jar:/Users/amrmagdy/.m2/repository/org/springframework/spring-aop/5.0.3.RELEASE/spring-aop-5.0.3.RELEASE.jar:/Users/amrmagdy/.m2/repository/org/springframework/spring-beans/5.0.3.RELEASE/spring-beans-5.0.3.RELEASE.jar:/Users/amrmagdy/.m2/repository/org/springframework/spring-context/5.0.3.RELEASE/spring-context-5.0.3.RELEASE.jar:/Users/amrmagdy/.m2/repository/org/springframework/spring-core/5.0.3.RELEASE/spring-core-5.0.3.RELEASE.jar:/Users/amrmagdy/.m2/repository/org/springframework/spring-jcl/5.0.3.RELEASE/spring-jcl-5.0.3.RELEASE.jar:/Users/amrmagdy/.m2/repository/org/springframework/spring-expression/5.0.3.RELEASE/spring-expression-5.0.3.RELEASE.jar:/Users/amrmagdy/.m2/repository/org/springframework/spring-web/5.0.3.RELEASE/spring-web-5.0.3.RELEASE.jar:/Users/amrmagdy/.m2/repository/org/springframework/spring-jdbc/5.0.3.RELEASE/spring-jdbc-5.0.3.RELEASE.jar:/Users/amrmagdy/.m2/repository/org/springframework/spring-tx/5.0.3.RELEASE/spring-tx-5.0.3.RELEASE.jar:/Users/amrmagdy/.m2/repository/org/springframework/spring-orm/5.0.3.RELEASE/spring-orm-5.0.3.RELEASE.jar:/Users/amrmagdy/.m2/repository/org/springframework/webflow/spring-webflow/2.5.0.RELEASE/spring-webflow-2.5.0.RELEASE.jar:/Users/amrmagdy/.m2/repository/org/springframework/webflow/spring-binding/2.5.0.RELEASE/spring-binding-2.5.0.RELEASE.jar:/Users/amrmagdy/.m2/repository/org/springframework/webflow/spring-js-resources/2.5.0.RELEASE/spring-js-resources-2.5.0.RELEASE.jar:/Users/amrmagdy/.m2/repository/org/springframework/security/spring-security-web/5.0.1.RELEASE/spring-security-web-5.0.1.RELEASE.jar:/Users/amrmagdy/.m2/repository/org/springframework/security/spring-security-core/5.0.1.RELEASE/spring-security-core-5.0.1.RELEASE.jar:/Users/amrmagdy/.m2/repository/org/springframework/security/spring-security-taglibs/5.0.1.RELEASE/spring-security-taglibs-5.0.1.RELEASE.jar:/Users/amrmagdy/.m2/repository/org/springframework/security/spring-security-acl/5.0.1.RELEASE/spring-security-acl-5.0.1.RELEASE.jar:/Users/amrmagdy/.m2/repository/org/springframework/security/spring-security-config/5.0.1.RELEASE/spring-security-config-5.0.1.RELEASE.jar:/Users/amrmagdy/.m2/repository/javax/servlet/javax.servlet-api/3.1.0/javax.servlet-api-3.1.0.jar:/Users/amrmagdy/.m2/repository/javax/servlet/jsp/jsp-api/2.1/jsp-api-2.1.jar:/Users/amrmagdy/.m2/repository/javax/servlet/jstl/1.2/jstl-1.2.jar:/Users/amrmagdy/.m2/repository/org/thymeleaf/thymeleaf/2.1.5.RELEASE/thymeleaf-2.1.5.RELEASE.jar:/Users/amrmagdy/.m2/repository/ognl/ognl/3.0.8/ognl-3.0.8.jar:/Users/amrmagdy/.m2/repository/org/javassist/javassist/3.16.1-GA/javassist-3.16.1-GA.jar:/Users/amrmagdy/.m2/repository/org/unbescape/unbescape/1.1.0.RELEASE/unbescape-1.1.0.RELEASE.jar:/Users/amrmagdy/.m2/repository/org/slf4j/slf4j-api/1.7.25/slf4j-api-1.7.25.jar:/Users/amrmagdy/.m2/repository/org/thymeleaf/thymeleaf-spring4/2.1.5.RELEASE/thymeleaf-spring4-2.1.5.RELEASE.jar:/Users/amrmagdy/.m2/repository/org/thymeleaf/extras/thymeleaf-extras-tiles2-spring4/2.1.1.RELEASE/thymeleaf-extras-tiles2-spring4-2.1.1.RELEASE.jar:/Users/amrmagdy/.m2/repository/org/thymeleaf/extras/thymeleaf-extras-tiles2/2.1.1.RELEASE/thymeleaf-extras-tiles2-2.1.1.RELEASE.jar:/Users/amrmagdy/.m2/repository/org/thymeleaf/extras/thymeleaf-extras-springsecurity4/2.1.2.RELEASE/thymeleaf-extras-springsecurity4-2.1.2.RELEASE.jar:/Users/amrmagdy/.m2/repository/org/thymeleaf/extras/thymeleaf-extras-conditionalcomments/2.1.2.RELEASE/thymeleaf-extras-conditionalcomments-2.1.2.RELEASE.jar:/Users/amrmagdy/.m2/repository/org/attoparser/attoparser/2.0.0.RELEASE/attoparser-2.0.0.RELEASE.jar:/Users/amrmagdy/.m2/repository/org/apache/tiles/tiles-core/3.0.8/tiles-core-3.0.8.jar:/Users/amrmagdy/.m2/repository/commons-digester/commons-digester/2.0/commons-digester-2.0.jar:/Users/amrmagdy/.m2/repository/commons-beanutils/commons-beanutils/1.8.0/commons-beanutils-1.8.0.jar:/Users/amrmagdy/.m2/repository/org/slf4j/jcl-over-slf4j/1.7.6/jcl-over-slf4j-1.7.6.jar:/Users/amrmagdy/.m2/repository/org/apache/tiles/tiles-api/3.0.8/tiles-api-3.0.8.jar:/Users/amrmagdy/.m2/repository/org/apache/tiles/tiles-request-api/1.0.7/tiles-request-api-1.0.7.jar:/Users/amrmagdy/.m2/repository/org/apache/tiles/tiles-template/3.0.8/tiles-template-3.0.8.jar:/Users/amrmagdy/.m2/repository/org/apache/tiles/tiles-autotag-core-runtime/1.2/tiles-autotag-core-runtime-1.2.jar:/Users/amrmagdy/.m2/repository/org/apache/tiles/tiles-servlet/3.0.8/tiles-servlet-3.0.8.jar:/Users/amrmagdy/.m2/repository/org/apache/tiles/tiles-request-servlet/1.0.7/tiles-request-servlet-1.0.7.jar:/Users/amrmagdy/.m2/repository/org/apache/tiles/tiles-jsp/3.0.8/tiles-jsp-3.0.8.jar:/Users/amrmagdy/.m2/repository/org/apache/tiles/tiles-request-jsp/1.0.7/tiles-request-jsp-1.0.7.jar:/Users/amrmagdy/.m2/repository/org/hsqldb/hsqldb/2.4.0/hsqldb-2.4.0.jar:/Users/amrmagdy/.m2/repository/org/hibernate/hibernate-entitymanager/5.2.12.Final/hibernate-entitymanager-5.2.12.Final.jar:/Users/amrmagdy/.m2/repository/org/jboss/logging/jboss-logging/3.3.0.Final/jboss-logging-3.3.0.Final.jar:/Users/amrmagdy/.m2/repository/org/hibernate/hibernate-core/5.2.12.Final/hibernate-core-5.2.12.Final.jar:/Users/amrmagdy/.m2/repository/antlr/antlr/2.7.7/antlr-2.7.7.jar:/Users/amrmagdy/.m2/repository/org/jboss/jandex/2.0.3.Final/jandex-2.0.3.Final.jar:/Users/amrmagdy/.m2/repository/dom4j/dom4j/1.6.1/dom4j-1.6.1.jar:/Users/amrmagdy/.m2/repository/org/hibernate/common/hibernate-commons-annotations/5.0.1.Final/hibernate-commons-annotations-5.0.1.Final.jar:/Users/amrmagdy/.m2/repository/org/hibernate/javax/persistence/hibernate-jpa-2.1-api/1.0.0.Final/hibernate-jpa-2.1-api-1.0.0.Final.jar:/Users/amrmagdy/.m2/repository/net/bytebuddy/byte-buddy/1.6.14/byte-buddy-1.6.14.jar:/Users/amrmagdy/.m2/repository/org/jboss/spec/javax/transaction/jboss-transaction-api_1.2_spec/1.0.1.Final/jboss-transaction-api_1.2_spec-1.0.1.Final.jar:/Users/amrmagdy/.m2/repository/org/hibernate/validator/hibernate-validator/6.0.7.Final/hibernate-validator-6.0.7.Final.jar:/Users/amrmagdy/.m2/repository/javax/validation/validation-api/2.0.1.Final/validation-api-2.0.1.Final.jar:/Users/amrmagdy/.m2/repository/com/fasterxml/classmate/1.3.1/classmate-1.3.1.jar:/Users/amrmagdy/.m2/repository/javax/xml/bind/jaxb-api/2.2.3/jaxb-api-2.2.3.jar:/Users/amrmagdy/.m2/repository/javax/xml/stream/stax-api/1.0-2/stax-api-1.0-2.jar:/Users/amrmagdy/.m2/repository/javax/activation/activation/1.1/activation-1.1.jar:/Users/amrmagdy/.m2/repository/joda-time/joda-time/2.2/joda-time-2.2.jar:/Users/amrmagdy/.m2/repository/joda-time/joda-time-jsptags/1.1.1/joda-time-jsptags-1.1.1.jar:/Users/amrmagdy/.m2/repository/org/apache/logging/log4j/log4j-api/2.10.0/log4j-api-2.10.0.jar:/Users/amrmagdy/.m2/repository/org/apache/logging/log4j/log4j-core/2.10.0/log4j-core-2.10.0.jar:/Users/amrmagdy/.m2/repository/org/apache/logging/log4j/log4j-slf4j-impl/2.10.0/log4j-slf4j-impl-2.10.0.jar:/Users/amrmagdy/.m2/repository/org/apache/logging/log4j/log4j-jul/2.10.0/log4j-jul-2.10.0.jar:/Users/amrmagdy/.m2/repository/org/easymock/easymock/3.4/easymock-3.4.jar:/Users/amrmagdy/.m2/repository/org/objenesis/objenesis/2.2/objenesis-2.2.jar:/Users/amrmagdy/.m2/repository/junit/junit/4.12/junit-4.12.jar:/Users/amrmagdy/.m2/repository/org/hamcrest/hamcrest-core/1.3/hamcrest-core-1.3.jar:/Users/amrmagdy/.m2/repository/org/springframework/spring-test/5.0.3.RELEASE/spring-test-5.0.3.RELEASE.jar:"/>
    <property name="sun.cpu.endian" value="little"/>
    <property name="user.home" value="/Users/amrmagdy"/>
    <property name="user.language" value="en"/>
    <property name="java.specification.vendor" value="Oracle Corporation"/>
    <property name="java.home" value="/Library/Java/JavaVirtualMachines/jdk1.8.0_112.jdk/Contents/Home/jre"/>
    <property name="basedir" value="/mine/Learn/java/workspaces/eclipse_workspace/spring-webflow-samples-master/booking-mvc"/>
    <property name="file.separator" value="/"/>
    <property name="line.separator" value="&#10;"/>
    <property name="java.vm.specification.vendor" value="Oracle Corporation"/>
    <property name="java.specification.name" value="Java Platform API Specification"/>
    <property name="java.awt.graphicsenv" value="sun.awt.CGraphicsEnvironment"/>
    <property name="surefire.real.class.path" value="/mine/Learn/java/workspaces/eclipse_workspace/spring-webflow-samples-master/booking-mvc/target/surefire/surefirebooter7377487344818472463.jar"/>
    <property name="sun.boot.class.path" value="/Library/Java/JavaVirtualMachines/jdk1.8.0_112.jdk/Contents/Home/jre/lib/resources.jar:/Library/Java/JavaVirtualMachines/jdk1.8.0_112.jdk/Contents/Home/jre/lib/rt.jar:/Library/Java/JavaVirtualMachines/jdk1.8.0_112.jdk/Contents/Home/jre/lib/sunrsasign.jar:/Library/Java/JavaVirtualMachines/jdk1.8.0_112.jdk/Contents/Home/jre/lib/jsse.jar:/Library/Java/JavaVirtualMachines/jdk1.8.0_112.jdk/Contents/Home/jre/lib/jce.jar:/Library/Java/JavaVirtualMachines/jdk1.8.0_112.jdk/Contents/Home/jre/lib/charsets.jar:/Library/Java/JavaVirtualMachines/jdk1.8.0_112.jdk/Contents/Home/jre/lib/jfr.jar:/Library/Java/JavaVirtualMachines/jdk1.8.0_112.jdk/Contents/Home/jre/classes"/>
    <property name="sun.management.compiler" value="HotSpot 64-Bit Tiered Compilers"/>
    <property name="ftp.nonProxyHosts" value="local|*.local|169.254/16|*.169.254/16"/>
    <property name="java.runtime.version" value="1.8.0_112-b16"/>
    <property name="user.name" value="amrmagdy"/>
    <property name="path.separator" value=":"/>
    <property name="os.version" value="10.13.6"/>
    <property name="java.endorsed.dirs" value="/Library/Java/JavaVirtualMachines/jdk1.8.0_112.jdk/Contents/Home/jre/lib/endorsed"/>
    <property name="java.runtime.name" value="Java(TM) SE Runtime Environment"/>
    <property name="file.encoding" value="UTF-8"/>
    <property name="java.vm.name" value="Java HotSpot(TM) 64-Bit Server VM"/>
    <property name="localRepository" value="/Users/amrmagdy/.m2/repository"/>
    <property name="java.vendor.url.bug" value="http://bugreport.sun.com/bugreport/"/>
    <property name="java.io.tmpdir" value="/var/folders/7g/6p6h_j9n3998v0mg03jd2fxh0000gn/T/"/>
    <property name="java.version" value="1.8.0_112"/>
    <property name="user.dir" value="/mine/Learn/java/workspaces/eclipse_workspace/spring-webflow-samples-master/booking-mvc"/>
    <property name="os.arch" value="x86_64"/>
    <property name="java.vm.specification.name" value="Java Virtual Machine Specification"/>
    <property name="java.awt.printerjob" value="sun.lwawt.macosx.CPrinterJob"/>
    <property name="sun.os.patch.level" value="unknown"/>
    <property name="java.library.path" value="/Users/amrmagdy/Library/Java/Extensions:/Library/Java/Extensions:/Network/Library/Java/Extensions:/System/Library/Java/Extensions:/usr/lib/java:."/>
    <property name="java.vm.info" value="mixed mode"/>
    <property name="java.vendor" value="Oracle Corporation"/>
    <property name="java.vm.version" value="25.112-b16"/>
    <property name="java.ext.dirs" value="/Users/amrmagdy/Library/Java/Extensions:/Library/Java/JavaVirtualMachines/jdk1.8.0_112.jdk/Contents/Home/jre/lib/ext:/Library/Java/Extensions:/Network/Library/Java/Extensions:/System/Library/Java/Extensions:/usr/lib/java"/>
    <property name="sun.io.unicode.encoding" value="UnicodeBig"/>
    <property name="java.class.version" value="52.0"/>
    <property name="socksNonProxyHosts" value="local|*.local|169.254/16|*.169.254/16"/>
  </properties>
  <testcase name="testStartBookingFlow" classname="org.springframework.webflow.samples.booking.BookingFlowExecutionTests" time="1.786"/>
  <testcase name="testReviewBooking_Confirm" classname="org.springframework.webflow.samples.booking.BookingFlowExecutionTests" time="0.134"/>
  <testcase name="testEnterBookingDetails_Proceed" classname="org.springframework.webflow.samples.booking.BookingFlowExecutionTests" time="0.145"/>
</testsuite>